2025-10-18 15:25:40 - [ROOT] INFO - 
                                                      
                                                    
                          @@@@@                     
                          @@@@@@@                         
           @ @@           @@@@@@@@@                       
          @   @@          @@@@@@@@@@@                    
         @      @         @@@@@@@@@@@@                    
         @     @@@        @@@@@@ @ @@@@                   
         @   @@@@@@       @@@@@@@@@  @@@@                
        @@  @@@@@@@@      @@@@@@@@@@@ @@@@                
        @@@@@@@@@@@@@     @@@@@@@@@@@@@@@@@               
        @@@ @@@@@@@@@@@@@@@@@@@@@@@@@@@@@@@@@@          
        @@@@@@@@@@@@@@@@@@@@@@@@@@@@@@@@@@@@@@@@         
        @@@@@@@@@@@@@@@@@@@@@@@@@@@@@@@@@@@@@@@@@@      
        @@@  @@@@@@@@@@@@@@@@@@@@@@@@@@@@@@@@@@@@@@      
         @@@@ @@@@@@@@@@@@@@@@@@@@@@@@@@@@@@@@@@@@@@@    
         @@@@@@@@@@@@@@@@@@@@@@@@@@@@@@@@@@@@@@@@@@@@@@@@   
         @@@@@@@@@@@@@@@@@@@@ @@@@@@@@      @@@@@@@@@@  @   
         @@@@@@@@@@@@@@@@@@@  @@@@ @@         @@@@@@@@@  @  
         @@@@@@@@@@@@@@@@@   @@@   @   @@@@    @@@@@@@@@ @  
         @@@@@@@@@       @@        @  @@@@@     @@@@@@@@  @ 
         @@@@@@@@     @@@  @       @  @@@@@     @@@@@@@@  @ 
        @@@@@@@@     @@@@@  @      @   @@@@    @@@@@@@@@  @@
       @@@@@@@@@     @@@@@  @@     @   @@@    @@@@@@@@@   @ 
       @@@@@@@@@      @@@@   @             @@ @@@@@@@@   @  
      @@@@@@@@@@@     @@@    @        @@@@    @@@@@@@    @ @
      @@@@@@@@@@@@          @                  @@@      @   
     @@@@@@@@@@@@@@      @@                   @@      @@    
     @  @@@@@@@@@@                          @@        @     
        @@@@@@@@@@@      @                 @          @@@@  
       @@@@@@@@@@@@@  @ @         @ @    @              @@@@
      @   @@@@@@@@@@@@@          @     @@                   
           @@@@@@@@@@@@              @                      
             @@@@@@@@@@@@@       @@@                 @      
                @@@@@@@@@@@@@@@@@@          @       @@     @
                @@@@@@@@@@@@@@@           @@      @@       @
               @         @               @      @@@       @@
@@                       @          @  @       @@@          
   @                      @@@@@@@@@ @@       @@@@           
    @                        @@            @@@@@    @@@@@@@@
    @@                        @@@       @@@@@@    @@@@     @

